d:\test\filescript\filescript\filescript\x64\release\moc_suffixconfig.obj
d:\test\filescript\filescript\filescript\x64\release\moc_filescript.obj
d:\test\filescript\filescript\filescript\x64\release\qrc_filescript.obj
d:\test\filescript\filescript\filescript\x64\release\suffixconfig.obj
d:\test\filescript\filescript\filescript\x64\release\main.obj
d:\test\filescript\filescript\filescript\x64\release\filescript.obj
d:\test\filescript\filescript\filescript\x64\release\uic\ui_filescript.h
d:\test\filescript\filescript\filescript\x64\release\uic\ui_suffixconfig.h
d:\test\filescript\filescript\filescript\x64\release\rcc\qrc_filescript.cpp
d:\test\filescript\filescript\filescript\x64\release\moc\moc_filescript.cpp
d:\test\filescript\filescript\filescript\x64\release\moc\moc_suffixconfig.cpp
d:\test\filescript\filescript\x64\release\filescript.exe
d:\test\filescript\filescript\filescript\x64\release\filescript.res
d:\code\c++_sample\filescript\filescript\x64\release\filescript.tlog\cl.14760.write.1.tlog
d:\code\c++_sample\filescript\filescript\x64\release\filescript.tlog\cl.command.1.tlog
d:\code\c++_sample\filescript\filescript\x64\release\filescript.tlog\cl.read.1.tlog
d:\code\c++_sample\filescript\filescript\x64\release\filescript.tlog\filescript.write.1u.tlog
d:\code\c++_sample\filescript\filescript\x64\release\filescript.tlog\link.command.1.tlog
d:\code\c++_sample\filescript\filescript\x64\release\filescript.tlog\link.read.1.tlog
d:\code\c++_sample\filescript\filescript\x64\release\filescript.tlog\link.write.1.tlog
d:\code\c++_sample\filescript\filescript\x64\release\filescript.tlog\moc.read.1u.tlog
d:\code\c++_sample\filescript\filescript\x64\release\filescript.tlog\moc.write.1u.tlog
d:\code\c++_sample\filescript\filescript\x64\release\filescript.tlog\rc.command.1.tlog
d:\code\c++_sample\filescript\filescript\x64\release\filescript.tlog\rc.read.1.tlog
d:\code\c++_sample\filescript\filescript\x64\release\filescript.tlog\rc.write.1.tlog
d:\code\c++_sample\filescript\filescript\x64\release\filescript.tlog\rcc.read.1u.tlog
d:\code\c++_sample\filescript\filescript\x64\release\filescript.tlog\rcc.write.1u.tlog
d:\code\c++_sample\filescript\filescript\x64\release\filescript.tlog\uic.read.1u.tlog
d:\code\c++_sample\filescript\filescript\x64\release\filescript.tlog\uic.write.1u.tlog
