d:\test\filescript\filescript\filescript\x64\debug\main.obj
d:\test\filescript\filescript\filescript\x64\debug\filescript.obj
d:\test\filescript\filescript\filescript\x64\debug\suffixconfig.obj
d:\test\filescript\filescript\filescript\x64\debug\vc141.pdb
d:\test\filescript\filescript\filescript\x64\debug\qrc_filescript.obj
d:\test\filescript\filescript\filescript\x64\debug\moc_filescript.obj
d:\test\filescript\filescript\filescript\x64\debug\moc_suffixconfig.obj
d:\test\filescript\filescript\filescript\x64\debug\uic\ui_filescript.h
d:\test\filescript\filescript\filescript\x64\debug\uic\ui_suffixconfig.h
d:\test\filescript\filescript\filescript\x64\debug\rcc\qrc_filescript.cpp
d:\test\filescript\filescript\filescript\x64\debug\moc\moc_filescript.cpp
d:\test\filescript\filescript\filescript\x64\debug\moc\moc_suffixconfig.cpp
d:\test\filescript\filescript\x64\debug\filescript.ilk
d:\test\filescript\filescript\x64\debug\filescript.exe
d:\test\filescript\filescript\x64\debug\filescript.pdb
d:\test\filescript\filescript\filescript\x64\debug\filescript.res
d:\code\c++_sample\filescript\filescript\x64\debug\filescript.res
d:\code\c++_sample\filescript\filescript\x64\debug\vc141.pdb
d:\code\c++_sample\filescript\filescript\x64\debug\filescript.tlog\cl.14936.write.1.tlog
d:\code\c++_sample\filescript\filescript\x64\debug\filescript.tlog\cl.command.1.tlog
d:\code\c++_sample\filescript\filescript\x64\debug\filescript.tlog\cl.read.1.tlog
d:\code\c++_sample\filescript\filescript\x64\debug\filescript.tlog\filescript.write.1u.tlog
d:\code\c++_sample\filescript\filescript\x64\debug\filescript.tlog\link.command.1.tlog
d:\code\c++_sample\filescript\filescript\x64\debug\filescript.tlog\link.read.1.tlog
d:\code\c++_sample\filescript\filescript\x64\debug\filescript.tlog\link.write.1.tlog
d:\code\c++_sample\filescript\filescript\x64\debug\filescript.tlog\moc.read.1u.tlog
d:\code\c++_sample\filescript\filescript\x64\debug\filescript.tlog\moc.write.1u.tlog
d:\code\c++_sample\filescript\filescript\x64\debug\filescript.tlog\rc.command.1.tlog
d:\code\c++_sample\filescript\filescript\x64\debug\filescript.tlog\rc.read.1.tlog
d:\code\c++_sample\filescript\filescript\x64\debug\filescript.tlog\rc.write.1.tlog
d:\code\c++_sample\filescript\filescript\x64\debug\filescript.tlog\rcc.read.1u.tlog
d:\code\c++_sample\filescript\filescript\x64\debug\filescript.tlog\rcc.write.1u.tlog
d:\code\c++_sample\filescript\filescript\x64\debug\filescript.tlog\uic.read.1u.tlog
d:\code\c++_sample\filescript\filescript\x64\debug\filescript.tlog\uic.write.1u.tlog
